0 info it worked if it ends with ok
1 verbose cli [ 'C:\\Program Files\\nodejs\\node.exe',
1 verbose cli   'C:\\Program Files\\nodejs\\node_modules\\npm\\bin\\npm-cli.js',
1 verbose cli   'run',
1 verbose cli   'reexport' ]
2 info using npm@3.10.10
3 info using node@v6.11.0
4 verbose run-script [ 'prereexport', 'reexport', 'postreexport' ]
5 info lifecycle ng2-page-scroll@1.0.0~prereexport: ng2-page-scroll@1.0.0
6 silly lifecycle ng2-page-scroll@1.0.0~prereexport: no script for prereexport, continuing
7 info lifecycle ng2-page-scroll@1.0.0~reexport: ng2-page-scroll@1.0.0
8 verbose lifecycle ng2-page-scroll@1.0.0~reexport: unsafe-perm in lifecycle true
9 verbose lifecycle ng2-page-scroll@1.0.0~reexport: PATH: C:\Program Files\nodejs\node_modules\npm\bin\node-gyp-bin;C:\Projects\package-reexport\reexports\ng2-page-scroll\node_modules\.bin;C:\Windows\system32;C:\Windows;C:\Windows\System32\Wbem;C:\Windows\System32\WindowsPowerShell\v1.0\;C:\Program Files (x86)\NVIDIA Corporation\PhysX\Common;C:\Program Files\nodejs\;C:\Program Files (x86)\Skype\Phone\;C:\Program Files\Git\cmd;C:\Users\fabia\AppData\Local\Programs\Python\Python36-32\Scripts\;C:\Users\fabia\AppData\Local\Programs\Python\Python36-32\;C:\Users\fabia\AppData\Local\Microsoft\WindowsApps;C:\Program Files (x86)\Microsoft VS Code\bin;C:\Users\fabia\AppData\Roaming\npm;C:\Users\fabia\AppData\Local\Google\Cloud SDK\google-cloud-sdk\bin;C:\Users\fabia\AppData\Local\GitHubDesktop\bin
10 verbose lifecycle ng2-page-scroll@1.0.0~reexport: CWD: C:\Projects\package-reexport\reexports\ng2-page-scroll
11 silly lifecycle ng2-page-scroll@1.0.0~reexport: Args: [ '/d /s /c', 'ng-packagr -p ng-package.json' ]
12 silly lifecycle ng2-page-scroll@1.0.0~reexport: Returned: code: 111  signal: null
13 info lifecycle ng2-page-scroll@1.0.0~reexport: Failed to exec reexport script
14 verbose stack Error: ng2-page-scroll@1.0.0 reexport: `ng-packagr -p ng-package.json`
14 verbose stack Exit status 111
14 verbose stack     at EventEmitter.<anonymous> (C:\Program Files\nodejs\node_modules\npm\lib\utils\lifecycle.js:255:16)
14 verbose stack     at emitTwo (events.js:106:13)
14 verbose stack     at EventEmitter.emit (events.js:191:7)
14 verbose stack     at ChildProcess.<anonymous> (C:\Program Files\nodejs\node_modules\npm\lib\utils\spawn.js:40:14)
14 verbose stack     at emitTwo (events.js:106:13)
14 verbose stack     at ChildProcess.emit (events.js:191:7)
14 verbose stack     at maybeClose (internal/child_process.js:891:16)
14 verbose stack     at Process.ChildProcess._handle.onexit (internal/child_process.js:226:5)
15 verbose pkgid ng2-page-scroll@1.0.0
16 verbose cwd C:\Projects\package-reexport\reexports\ng2-page-scroll
17 error Windows_NT 10.0.15063
18 error argv "C:\\Program Files\\nodejs\\node.exe" "C:\\Program Files\\nodejs\\node_modules\\npm\\bin\\npm-cli.js" "run" "reexport"
19 error node v6.11.0
20 error npm  v3.10.10
21 error code ELIFECYCLE
22 error ng2-page-scroll@1.0.0 reexport: `ng-packagr -p ng-package.json`
22 error Exit status 111
23 error Failed at the ng2-page-scroll@1.0.0 reexport script 'ng-packagr -p ng-package.json'.
23 error Make sure you have the latest version of node.js and npm installed.
23 error If you do, this is most likely a problem with the ng2-page-scroll package,
23 error not with npm itself.
23 error Tell the author that this fails on your system:
23 error     ng-packagr -p ng-package.json
23 error You can get information on how to open an issue for this project with:
23 error     npm bugs ng2-page-scroll
23 error Or if that isn't available, you can get their info via:
23 error     npm owner ls ng2-page-scroll
23 error There is likely additional logging output above.
24 verbose exit [ 1, true ]
